<?xml version="1.0" encoding="UTF-8"?>
<Site BuildName="(empty)"
	BuildStamp="20240424-0838-Experimental"
	Name="houyepu"
	Generator="ctest-3.22.1"
	CompilerName="/usr/bin/c++"
	CompilerVersion="11.4.0"
	OSName="Linux"
	Hostname="houyepu"
	OSRelease="5.15.0-102-generic"
	OSVersion="#112-Ubuntu SMP Tue Mar 5 16:49:56 UTC 2024"
	OSPlatform="aarch64"
	Is64Bits="1"
	VendorString=""
	VendorID="Unknown Manufacturer"
	FamilyID="8"
	ModelID="0"
	ProcessorCacheSize="0"
	NumberOfLogicalCPU="4"
	NumberOfPhysicalCPU="1"
	TotalVirtualMemory="3910"
	TotalPhysicalMemory="3911"
	LogicalProcessorsPerPhysical="4"
	ProcessorClockFrequency="0"
	>
	<Testing>
		<StartDateTime>Apr 24 08:38 UTC</StartDateTime>
		<StartTestTime>1713947919</StartTestTime>
		<TestList>
			<Test>./copyright</Test>
			<Test>./cppcheck</Test>
			<Test>./cpplint</Test>
			<Test>./lint_cmake</Test>
			<Test>./uncrustify</Test>
			<Test>./xmllint</Test>
		</TestList>
		<Test Status="passed">
			<Name>copyright</Name>
			<Path>.</Path>
			<FullName>./copyright</FullName>
			<FullCommandLine>/usr/bin/python3 "-u" "/opt/ros/humble/share/ament_cmake_test/cmake/run_test.py" "/home/houyepu/ros2_ws/build/examples_rclcpp_minimal_publisher/test_results/examples_rclcpp_minimal_publisher/copyright.xunit.xml" "--package-name" "examples_rclcpp_minimal_publisher" "--output-file" "/home/houyepu/ros2_ws/build/examples_rclcpp_minimal_publisher/ament_copyright/copyright.txt" "--command" "/opt/ros/humble/bin/ament_copyright" "--xunit-file" "/home/houyepu/ros2_ws/build/examples_rclcpp_minimal_publisher/test_results/examples_rclcpp_minimal_publisher/copyright.xunit.xml"</FullCommandLine>
			<Results>
				<NamedMeasurement type="numeric/double" name="Execution Time">
					<Value>0.369134</Value>
				</NamedMeasurement>
				<NamedMeasurement type="numeric/double" name="Processors">
					<Value>1</Value>
				</NamedMeasurement>
				<NamedMeasurement type="text/string" name="Completion Status">
					<Value>Completed</Value>
				</NamedMeasurement>
				<NamedMeasurement type="text/string" name="Command Line">
					<Value>/usr/bin/python3 "-u" "/opt/ros/humble/share/ament_cmake_test/cmake/run_test.py" "/home/houyepu/ros2_ws/build/examples_rclcpp_minimal_publisher/test_results/examples_rclcpp_minimal_publisher/copyright.xunit.xml" "--package-name" "examples_rclcpp_minimal_publisher" "--output-file" "/home/houyepu/ros2_ws/build/examples_rclcpp_minimal_publisher/ament_copyright/copyright.txt" "--command" "/opt/ros/humble/bin/ament_copyright" "--xunit-file" "/home/houyepu/ros2_ws/build/examples_rclcpp_minimal_publisher/test_results/examples_rclcpp_minimal_publisher/copyright.xunit.xml"</Value>
				</NamedMeasurement>
				<NamedMeasurement type="text/string" name="Environment">
					<Value>#CTEST_RESOURCE_GROUP_COUNT=</Value>
				</NamedMeasurement>
				<Measurement>
					<Value>-- run_test.py: invoking following command in '/home/houyepu/ros2_ws/src/examples/rclcpp/topics/minimal_publisher':
 - /opt/ros/humble/bin/ament_copyright --xunit-file /home/houyepu/ros2_ws/build/examples_rclcpp_minimal_publisher/test_results/examples_rclcpp_minimal_publisher/copyright.xunit.xml
No problems found, checked 6 files
-- run_test.py: return code 0
-- run_test.py: verify result file '/home/houyepu/ros2_ws/build/examples_rclcpp_minimal_publisher/test_results/examples_rclcpp_minimal_publisher/copyright.xunit.xml'
</Value>
				</Measurement>
			</Results>
			<Labels>
				<Label>copyright</Label>
				<Label>linter</Label>
			</Labels>
		</Test>
		<Test Status="passed">
			<Name>cppcheck</Name>
			<Path>.</Path>
			<FullName>./cppcheck</FullName>
			<FullCommandLine>/usr/bin/python3 "-u" "/opt/ros/humble/share/ament_cmake_test/cmake/run_test.py" "/home/houyepu/ros2_ws/build/examples_rclcpp_minimal_publisher/test_results/examples_rclcpp_minimal_publisher/cppcheck.xunit.xml" "--package-name" "examples_rclcpp_minimal_publisher" "--output-file" "/home/houyepu/ros2_ws/build/examples_rclcpp_minimal_publisher/ament_cppcheck/cppcheck.txt" "--command" "/opt/ros/humble/bin/ament_cppcheck" "--xunit-file" "/home/houyepu/ros2_ws/build/examples_rclcpp_minimal_publisher/test_results/examples_rclcpp_minimal_publisher/cppcheck.xunit.xml"</FullCommandLine>
			<Results>
				<NamedMeasurement type="numeric/double" name="Execution Time">
					<Value>0.203279</Value>
				</NamedMeasurement>
				<NamedMeasurement type="numeric/double" name="Processors">
					<Value>1</Value>
				</NamedMeasurement>
				<NamedMeasurement type="text/string" name="Completion Status">
					<Value>Completed</Value>
				</NamedMeasurement>
				<NamedMeasurement type="text/string" name="Command Line">
					<Value>/usr/bin/python3 "-u" "/opt/ros/humble/share/ament_cmake_test/cmake/run_test.py" "/home/houyepu/ros2_ws/build/examples_rclcpp_minimal_publisher/test_results/examples_rclcpp_minimal_publisher/cppcheck.xunit.xml" "--package-name" "examples_rclcpp_minimal_publisher" "--output-file" "/home/houyepu/ros2_ws/build/examples_rclcpp_minimal_publisher/ament_cppcheck/cppcheck.txt" "--command" "/opt/ros/humble/bin/ament_cppcheck" "--xunit-file" "/home/houyepu/ros2_ws/build/examples_rclcpp_minimal_publisher/test_results/examples_rclcpp_minimal_publisher/cppcheck.xunit.xml"</Value>
				</NamedMeasurement>
				<NamedMeasurement type="text/string" name="Environment">
					<Value>#CTEST_RESOURCE_GROUP_COUNT=</Value>
				</NamedMeasurement>
				<Measurement>
					<Value>-- run_test.py: invoking following command in '/home/houyepu/ros2_ws/src/examples/rclcpp/topics/minimal_publisher':
 - /opt/ros/humble/bin/ament_cppcheck --xunit-file /home/houyepu/ros2_ws/build/examples_rclcpp_minimal_publisher/test_results/examples_rclcpp_minimal_publisher/cppcheck.xunit.xml
cppcheck 2.7 has known performance issues and therefore will not be used, set the AMENT_CPPCHECK_ALLOW_SLOW_VERSIONS environment variable to override this.
-- run_test.py: return code 0
-- run_test.py: verify result file '/home/houyepu/ros2_ws/build/examples_rclcpp_minimal_publisher/test_results/examples_rclcpp_minimal_publisher/cppcheck.xunit.xml'
</Value>
				</Measurement>
			</Results>
			<Labels>
				<Label>cppcheck</Label>
				<Label>linter</Label>
			</Labels>
		</Test>
		<Test Status="passed">
			<Name>cpplint</Name>
			<Path>.</Path>
			<FullName>./cpplint</FullName>
			<FullCommandLine>/usr/bin/python3 "-u" "/opt/ros/humble/share/ament_cmake_test/cmake/run_test.py" "/home/houyepu/ros2_ws/build/examples_rclcpp_minimal_publisher/test_results/examples_rclcpp_minimal_publisher/cpplint.xunit.xml" "--package-name" "examples_rclcpp_minimal_publisher" "--output-file" "/home/houyepu/ros2_ws/build/examples_rclcpp_minimal_publisher/ament_cpplint/cpplint.txt" "--command" "/opt/ros/humble/bin/ament_cpplint" "--xunit-file" "/home/houyepu/ros2_ws/build/examples_rclcpp_minimal_publisher/test_results/examples_rclcpp_minimal_publisher/cpplint.xunit.xml"</FullCommandLine>
			<Results>
				<NamedMeasurement type="numeric/double" name="Execution Time">
					<Value>0.29609</Value>
				</NamedMeasurement>
				<NamedMeasurement type="numeric/double" name="Processors">
					<Value>1</Value>
				</NamedMeasurement>
				<NamedMeasurement type="text/string" name="Completion Status">
					<Value>Completed</Value>
				</NamedMeasurement>
				<NamedMeasurement type="text/string" name="Command Line">
					<Value>/usr/bin/python3 "-u" "/opt/ros/humble/share/ament_cmake_test/cmake/run_test.py" "/home/houyepu/ros2_ws/build/examples_rclcpp_minimal_publisher/test_results/examples_rclcpp_minimal_publisher/cpplint.xunit.xml" "--package-name" "examples_rclcpp_minimal_publisher" "--output-file" "/home/houyepu/ros2_ws/build/examples_rclcpp_minimal_publisher/ament_cpplint/cpplint.txt" "--command" "/opt/ros/humble/bin/ament_cpplint" "--xunit-file" "/home/houyepu/ros2_ws/build/examples_rclcpp_minimal_publisher/test_results/examples_rclcpp_minimal_publisher/cpplint.xunit.xml"</Value>
				</NamedMeasurement>
				<NamedMeasurement type="text/string" name="Environment">
					<Value>#CTEST_RESOURCE_GROUP_COUNT=</Value>
				</NamedMeasurement>
				<Measurement>
					<Value>-- run_test.py: invoking following command in '/home/houyepu/ros2_ws/src/examples/rclcpp/topics/minimal_publisher':
 - /opt/ros/humble/bin/ament_cpplint --xunit-file /home/houyepu/ros2_ws/build/examples_rclcpp_minimal_publisher/test_results/examples_rclcpp_minimal_publisher/cpplint.xunit.xml
Using '--root=..' argument

Done processing /home/houyepu/ros2_ws/src/examples/rclcpp/topics/minimal_publisher/lambda.cpp

Done processing /home/houyepu/ros2_ws/src/examples/rclcpp/topics/minimal_publisher/member_function.cpp

Done processing /home/houyepu/ros2_ws/src/examples/rclcpp/topics/minimal_publisher/member_function_with_type_adapter.cpp

Done processing /home/houyepu/ros2_ws/src/examples/rclcpp/topics/minimal_publisher/member_function_with_unique_network_flow_endpoints.cpp

Done processing /home/houyepu/ros2_ws/src/examples/rclcpp/topics/minimal_publisher/member_function_with_wait_for_all_acked.cpp

Done processing /home/houyepu/ros2_ws/src/examples/rclcpp/topics/minimal_publisher/not_composable.cpp

No problems found
-- run_test.py: return code 0
-- run_test.py: verify result file '/home/houyepu/ros2_ws/build/examples_rclcpp_minimal_publisher/test_results/examples_rclcpp_minimal_publisher/cpplint.xunit.xml'
</Value>
				</Measurement>
			</Results>
			<Labels>
				<Label>cpplint</Label>
				<Label>linter</Label>
			</Labels>
		</Test>
		<Test Status="passed">
			<Name>lint_cmake</Name>
			<Path>.</Path>
			<FullName>./lint_cmake</FullName>
			<FullCommandLine>/usr/bin/python3 "-u" "/opt/ros/humble/share/ament_cmake_test/cmake/run_test.py" "/home/houyepu/ros2_ws/build/examples_rclcpp_minimal_publisher/test_results/examples_rclcpp_minimal_publisher/lint_cmake.xunit.xml" "--package-name" "examples_rclcpp_minimal_publisher" "--output-file" "/home/houyepu/ros2_ws/build/examples_rclcpp_minimal_publisher/ament_lint_cmake/lint_cmake.txt" "--command" "/opt/ros/humble/bin/ament_lint_cmake" "--xunit-file" "/home/houyepu/ros2_ws/build/examples_rclcpp_minimal_publisher/test_results/examples_rclcpp_minimal_publisher/lint_cmake.xunit.xml"</FullCommandLine>
			<Results>
				<NamedMeasurement type="numeric/double" name="Execution Time">
					<Value>0.158481</Value>
				</NamedMeasurement>
				<NamedMeasurement type="numeric/double" name="Processors">
					<Value>1</Value>
				</NamedMeasurement>
				<NamedMeasurement type="text/string" name="Completion Status">
					<Value>Completed</Value>
				</NamedMeasurement>
				<NamedMeasurement type="text/string" name="Command Line">
					<Value>/usr/bin/python3 "-u" "/opt/ros/humble/share/ament_cmake_test/cmake/run_test.py" "/home/houyepu/ros2_ws/build/examples_rclcpp_minimal_publisher/test_results/examples_rclcpp_minimal_publisher/lint_cmake.xunit.xml" "--package-name" "examples_rclcpp_minimal_publisher" "--output-file" "/home/houyepu/ros2_ws/build/examples_rclcpp_minimal_publisher/ament_lint_cmake/lint_cmake.txt" "--command" "/opt/ros/humble/bin/ament_lint_cmake" "--xunit-file" "/home/houyepu/ros2_ws/build/examples_rclcpp_minimal_publisher/test_results/examples_rclcpp_minimal_publisher/lint_cmake.xunit.xml"</Value>
				</NamedMeasurement>
				<NamedMeasurement type="text/string" name="Environment">
					<Value>#CTEST_RESOURCE_GROUP_COUNT=</Value>
				</NamedMeasurement>
				<Measurement>
					<Value>-- run_test.py: invoking following command in '/home/houyepu/ros2_ws/src/examples/rclcpp/topics/minimal_publisher':
 - /opt/ros/humble/bin/ament_lint_cmake --xunit-file /home/houyepu/ros2_ws/build/examples_rclcpp_minimal_publisher/test_results/examples_rclcpp_minimal_publisher/lint_cmake.xunit.xml

No problems found
-- run_test.py: return code 0
-- run_test.py: verify result file '/home/houyepu/ros2_ws/build/examples_rclcpp_minimal_publisher/test_results/examples_rclcpp_minimal_publisher/lint_cmake.xunit.xml'
</Value>
				</Measurement>
			</Results>
			<Labels>
				<Label>lint_cmake</Label>
				<Label>linter</Label>
			</Labels>
		</Test>
		<Test Status="passed">
			<Name>uncrustify</Name>
			<Path>.</Path>
			<FullName>./uncrustify</FullName>
			<FullCommandLine>/usr/bin/python3 "-u" "/opt/ros/humble/share/ament_cmake_test/cmake/run_test.py" "/home/houyepu/ros2_ws/build/examples_rclcpp_minimal_publisher/test_results/examples_rclcpp_minimal_publisher/uncrustify.xunit.xml" "--package-name" "examples_rclcpp_minimal_publisher" "--output-file" "/home/houyepu/ros2_ws/build/examples_rclcpp_minimal_publisher/ament_uncrustify/uncrustify.txt" "--command" "/opt/ros/humble/bin/ament_uncrustify" "--xunit-file" "/home/houyepu/ros2_ws/build/examples_rclcpp_minimal_publisher/test_results/examples_rclcpp_minimal_publisher/uncrustify.xunit.xml"</FullCommandLine>
			<Results>
				<NamedMeasurement type="numeric/double" name="Execution Time">
					<Value>0.180796</Value>
				</NamedMeasurement>
				<NamedMeasurement type="numeric/double" name="Processors">
					<Value>1</Value>
				</NamedMeasurement>
				<NamedMeasurement type="text/string" name="Completion Status">
					<Value>Completed</Value>
				</NamedMeasurement>
				<NamedMeasurement type="text/string" name="Command Line">
					<Value>/usr/bin/python3 "-u" "/opt/ros/humble/share/ament_cmake_test/cmake/run_test.py" "/home/houyepu/ros2_ws/build/examples_rclcpp_minimal_publisher/test_results/examples_rclcpp_minimal_publisher/uncrustify.xunit.xml" "--package-name" "examples_rclcpp_minimal_publisher" "--output-file" "/home/houyepu/ros2_ws/build/examples_rclcpp_minimal_publisher/ament_uncrustify/uncrustify.txt" "--command" "/opt/ros/humble/bin/ament_uncrustify" "--xunit-file" "/home/houyepu/ros2_ws/build/examples_rclcpp_minimal_publisher/test_results/examples_rclcpp_minimal_publisher/uncrustify.xunit.xml"</Value>
				</NamedMeasurement>
				<NamedMeasurement type="text/string" name="Environment">
					<Value>#CTEST_RESOURCE_GROUP_COUNT=</Value>
				</NamedMeasurement>
				<Measurement>
					<Value>-- run_test.py: invoking following command in '/home/houyepu/ros2_ws/src/examples/rclcpp/topics/minimal_publisher':
 - /opt/ros/humble/bin/ament_uncrustify --xunit-file /home/houyepu/ros2_ws/build/examples_rclcpp_minimal_publisher/test_results/examples_rclcpp_minimal_publisher/uncrustify.xunit.xml
No code style divergence in file 'lambda.cpp'

No code style divergence in file 'member_function.cpp'

No code style divergence in file 'member_function_with_type_adapter.cpp'

No code style divergence in file 'member_function_with_unique_network_flow_endpoints.cpp'

No code style divergence in file 'member_function_with_wait_for_all_acked.cpp'

No code style divergence in file 'not_composable.cpp'

No problems found
-- run_test.py: return code 0
-- run_test.py: verify result file '/home/houyepu/ros2_ws/build/examples_rclcpp_minimal_publisher/test_results/examples_rclcpp_minimal_publisher/uncrustify.xunit.xml'
</Value>
				</Measurement>
			</Results>
			<Labels>
				<Label>linter</Label>
				<Label>uncrustify</Label>
			</Labels>
		</Test>
		<Test Status="passed">
			<Name>xmllint</Name>
			<Path>.</Path>
			<FullName>./xmllint</FullName>
			<FullCommandLine>/usr/bin/python3 "-u" "/opt/ros/humble/share/ament_cmake_test/cmake/run_test.py" "/home/houyepu/ros2_ws/build/examples_rclcpp_minimal_publisher/test_results/examples_rclcpp_minimal_publisher/xmllint.xunit.xml" "--package-name" "examples_rclcpp_minimal_publisher" "--output-file" "/home/houyepu/ros2_ws/build/examples_rclcpp_minimal_publisher/ament_xmllint/xmllint.txt" "--command" "/opt/ros/humble/bin/ament_xmllint" "--xunit-file" "/home/houyepu/ros2_ws/build/examples_rclcpp_minimal_publisher/test_results/examples_rclcpp_minimal_publisher/xmllint.xunit.xml"</FullCommandLine>
			<Results>
				<NamedMeasurement type="numeric/double" name="Execution Time">
					<Value>0.535439</Value>
				</NamedMeasurement>
				<NamedMeasurement type="numeric/double" name="Processors">
					<Value>1</Value>
				</NamedMeasurement>
				<NamedMeasurement type="text/string" name="Completion Status">
					<Value>Completed</Value>
				</NamedMeasurement>
				<NamedMeasurement type="text/string" name="Command Line">
					<Value>/usr/bin/python3 "-u" "/opt/ros/humble/share/ament_cmake_test/cmake/run_test.py" "/home/houyepu/ros2_ws/build/examples_rclcpp_minimal_publisher/test_results/examples_rclcpp_minimal_publisher/xmllint.xunit.xml" "--package-name" "examples_rclcpp_minimal_publisher" "--output-file" "/home/houyepu/ros2_ws/build/examples_rclcpp_minimal_publisher/ament_xmllint/xmllint.txt" "--command" "/opt/ros/humble/bin/ament_xmllint" "--xunit-file" "/home/houyepu/ros2_ws/build/examples_rclcpp_minimal_publisher/test_results/examples_rclcpp_minimal_publisher/xmllint.xunit.xml"</Value>
				</NamedMeasurement>
				<NamedMeasurement type="text/string" name="Environment">
					<Value>#CTEST_RESOURCE_GROUP_COUNT=</Value>
				</NamedMeasurement>
				<Measurement>
					<Value>-- run_test.py: invoking following command in '/home/houyepu/ros2_ws/src/examples/rclcpp/topics/minimal_publisher':
 - /opt/ros/humble/bin/ament_xmllint --xunit-file /home/houyepu/ros2_ws/build/examples_rclcpp_minimal_publisher/test_results/examples_rclcpp_minimal_publisher/xmllint.xunit.xml
File 'package.xml' is valid

No problems found
-- run_test.py: return code 0
-- run_test.py: verify result file '/home/houyepu/ros2_ws/build/examples_rclcpp_minimal_publisher/test_results/examples_rclcpp_minimal_publisher/xmllint.xunit.xml'
</Value>
				</Measurement>
			</Results>
			<Labels>
				<Label>linter</Label>
				<Label>xmllint</Label>
			</Labels>
		</Test>
		<EndDateTime>Apr 24 08:38 UTC</EndDateTime>
		<EndTestTime>1713947921</EndTestTime>
		<ElapsedMinutes>0</ElapsedMinutes>
	</Testing>
</Site>
